Using pre-set license
Built from '2020.3/staging' branch; Version is '2020.3.20f1 (41c4e627c95f) revision 4310246'; Using compiler version '192528614'; Build Type 'Release'
OS: 'Windows 10 Pro; OS build 19043.1237; Version 2009; 64bit' Language: 'tr' Physical Memory: 16222 MB
BatchMode: 1, IsHumanControllingUs: 0, StartBugReporterOnCrash: 0, Is64bit: 1, IsPro: 0

COMMAND LINE ARGUMENTS:
C:\Program Files\Unity\Hub\Editor\2020.3.20f1\Editor\Unity.exe
-adb2
-batchMode
-noUpm
-name
AssetImportWorker0
-projectPath
C:/Users/gokbe/OneDrive/Belgeler/GitHub/Blocksmith2
-logFile
Logs/AssetImportWorker0.log
-srvPort
50175
Successfully changed project path to: C:/Users/gokbe/OneDrive/Belgeler/GitHub/Blocksmith2
C:/Users/gokbe/OneDrive/Belgeler/GitHub/Blocksmith2
Using Asset Import Pipeline V2.
Refreshing native plugins compatible for Editor in 42.58 ms, found 3 plugins.
Preloading 0 native plugins for Editor in 0.00 ms.
Initialize engine version: 2020.3.20f1 (41c4e627c95f)
[Subsystems] Discovering subsystems at path C:/Program Files/Unity/Hub/Editor/2020.3.20f1/Editor/Data/Resources/UnitySubsystems
[Subsystems] Discovering subsystems at path C:/Users/gokbe/OneDrive/Belgeler/GitHub/Blocksmith2/Assets
GfxDevice: creating device client; threaded=0
Direct3D:
    Version:  Direct3D 11.0 [level 11.1]
    Renderer: NVIDIA GeForce GTX 1650 Ti (ID=0x1f95)
    Vendor:   
    VRAM:     3962 MB
    Driver:   30.0.14.7168
Initialize mono
Mono path[0] = 'C:/Program Files/Unity/Hub/Editor/2020.3.20f1/Editor/Data/Managed'
Mono path[1] = 'C:/Program Files/Unity/Hub/Editor/2020.3.20f1/Editor/Data/MonoBleedingEdge/lib/mono/unityjit'
Mono config path = 'C:/Program Files/Unity/Hub/Editor/2020.3.20f1/Editor/Data/MonoBleedingEdge/etc'
Using monoOptions --debugger-agent=transport=dt_socket,embedding=1,server=y,suspend=n,address=127.0.0.1:56216
Begin MonoManager ReloadAssembly
Registering precompiled unity dll's ...
Register platform support module: C:/Program Files/Unity/Hub/Editor/2020.3.20f1/Editor/Data/PlaybackEngines/WindowsStandaloneSupport/UnityEditor.WindowsStandalone.Extensions.dll
Registered in 0.001640 seconds.
Native extension for WindowsStandalone target not found
Refreshing native plugins compatible for Editor in 39.03 ms, found 3 plugins.
Preloading 0 native plugins for Editor in 0.00 ms.
Mono: successfully reloaded assembly
- Completed reload, in  1.003 seconds
Domain Reload Profiling:
	ReloadAssembly (1004ms)
		BeginReloadAssembly (51ms)
			ExecutionOrderSort (0ms)
			DisableScriptedObjects (0ms)
			BackupInstance (0ms)
			ReleaseScriptingObjects (0ms)
			CreateAndSetChildDomain (1ms)
		EndReloadAssembly (387ms)
			LoadAssemblies (49ms)
			RebuildTransferFunctionScriptingTraits (0ms)
			SetupTypeCache (145ms)
			ReleaseScriptCaches (0ms)
			RebuildScriptCaches (28ms)
			SetupLoadedEditorAssemblies (151ms)
				LogAssemblyErrors (0ms)
				InitializePlatformSupportModulesInManaged (4ms)
				SetLoadedEditorAssemblies (0ms)
				RefreshPlugins (39ms)
				BeforeProcessingInitializeOnLoad (14ms)
				ProcessInitializeOnLoadAttributes (69ms)
				ProcessInitializeOnLoadMethodAttributes (25ms)
				AfterProcessingInitializeOnLoad (0ms)
				EditorAssembliesLoaded (0ms)
			ExecutionOrderSort2 (0ms)
			AwakeInstancesAfterBackupRestoration (0ms)
Platform modules already initialized, skipping
Registering precompiled user dll's ...
Registered in 0.002533 seconds.
Begin MonoManager ReloadAssembly
Native extension for WindowsStandalone target not found
Refreshing native plugins compatible for Editor in 41.70 ms, found 3 plugins.
Preloading 0 native plugins for Editor in 0.00 ms.
Mono: successfully reloaded assembly
- Completed reload, in  1.020 seconds
Domain Reload Profiling:
	ReloadAssembly (1020ms)
		BeginReloadAssembly (125ms)
			ExecutionOrderSort (0ms)
			DisableScriptedObjects (5ms)
			BackupInstance (0ms)
			ReleaseScriptingObjects (0ms)
			CreateAndSetChildDomain (15ms)
		EndReloadAssembly (836ms)
			LoadAssemblies (80ms)
			RebuildTransferFunctionScriptingTraits (0ms)
			SetupTypeCache (278ms)
			ReleaseScriptCaches (1ms)
			RebuildScriptCaches (43ms)
			SetupLoadedEditorAssemblies (318ms)
				LogAssemblyErrors (0ms)
				InitializePlatformSupportModulesInManaged (4ms)
				SetLoadedEditorAssemblies (0ms)
				RefreshPlugins (42ms)
				BeforeProcessingInitializeOnLoad (75ms)
				ProcessInitializeOnLoadAttributes (179ms)
				ProcessInitializeOnLoadMethodAttributes (12ms)
				AfterProcessingInitializeOnLoad (6ms)
				EditorAssembliesLoaded (0ms)
			ExecutionOrderSort2 (0ms)
			AwakeInstancesAfterBackupRestoration (6ms)
Platform modules already initialized, skipping
========================================================================
Worker process is ready to serve import requests
Launched and connected shader compiler UnityShaderCompiler.exe after 0.04 seconds
Refreshing native plugins compatible for Editor in 0.51 ms, found 3 plugins.
Preloading 0 native plugins for Editor in 0.00 ms.
Unloading 2195 Unused Serialized files (Serialized files now loaded: 0)
System memory in use before: 95.9 MB.
System memory in use after: 96.0 MB.

Unloading 39 unused Assets to reduce memory usage. Loaded Objects now: 2621.
Total: 3.036300 ms (FindLiveObjects: 0.184000 ms CreateObjectMapping: 0.073600 ms MarkObjects: 2.681100 ms  DeleteObjects: 0.097100 ms)

AssetImportParameters requested are different than current active one (requested -> active):
  custom:framework-win-MediaFoundation: 216162199b28c13a410421893ffa2e32 -> 
  custom:video-decoder-ogg-theora: a1e56fd34408186e4bbccfd4996cb3dc -> 
  custom:container-muxer-webm: aa71ff27fc2769a1b78a27578f13a17b -> 
  custom:container-demuxer-webm: 4f35f7cbe854078d1ac9338744f61a02 -> 
  custom:container-demuxer-ogg: 62fdf1f143b41e24485cea50d1cbac27 -> 
  custom:video-encoder-webm-vp8: eb34c28f22e8b96e1ab97ce403110664 -> 
  custom:video-decoder-webm-vp8: 9c59270c3fd7afecdb556c50c9e8de78 -> 
  custom:audio-decoder-ogg-vorbis: bf7c407c2cedff20999df2af8eb42d56 -> 
  custom:audio-encoder-webm-vorbis: bf7c407c2cedff20999df2af8eb42d56 -> 
========================================================================
Received Import Request.
  path: Assets/Scenes
  artifactKey: Guid(bbbc74fad6ed1d243aee6102298f428b) Importer(815301076,1909f56bfc062723c751e8b465ee728b)
Start importing Assets/Scenes using Guid(bbbc74fad6ed1d243aee6102298f428b) Importer(815301076,1909f56bfc062723c751e8b465ee728b)  -> (artifact id: 'e2f5d9c482259fc97b3f344a61ab00ed') in 0.007209 seconds 
  Import took 0.009783 seconds .

========================================================================
Received Import Request.
  Time since last request: 0.000251 seconds.
  path: Assets/Scenes/unknown.png
  artifactKey: Guid(b16d2d333634bee4d8711a3ce6534201) Importer(815301076,1909f56bfc062723c751e8b465ee728b)
Start importing Assets/Scenes/unknown.png using Guid(b16d2d333634bee4d8711a3ce6534201) Importer(815301076,1909f56bfc062723c751e8b465ee728b)  -> (artifact id: '875afab11cb4a72ebbe9ff69c58e4b22') in 0.091598 seconds 
  Import took 0.094346 seconds .

========================================================================
Received Import Request.
  Time since last request: 0.839576 seconds.
  path: Assets/Scenes/SampleScene.unity
  artifactKey: Guid(2cda990e2423bbf4892e6590ba056729) Importer(815301076,1909f56bfc062723c751e8b465ee728b)
Start importing Assets/Scenes/SampleScene.unity using Guid(2cda990e2423bbf4892e6590ba056729) Importer(815301076,1909f56bfc062723c751e8b465ee728b)  -> (artifact id: '4d263a77355c3fe4f83075a547d03375') in 0.008013 seconds 
  Import took 0.011245 seconds .

========================================================================
Received Import Request.
  Time since last request: 189.921063 seconds.
  path: Assets/Scenes/rx7baran.jpg
  artifactKey: Guid(1524bdfb11bdcf04992c68a12263fee5) Importer(815301076,1909f56bfc062723c751e8b465ee728b)
Start importing Assets/Scenes/rx7baran.jpg using Guid(1524bdfb11bdcf04992c68a12263fee5) Importer(815301076,1909f56bfc062723c751e8b465ee728b)  -> (artifact id: '5fed6f282c95e050ec356a51b3aa7675') in 0.022040 seconds 
  Import took 0.026135 seconds .

========================================================================
Received Import Request.
  Time since last request: 0.000149 seconds.
  path: Assets/Scenes/unknown.prefab
  artifactKey: Guid(9c843adbbc6f1cf4289cf8e851214ba4) Importer(815301076,1909f56bfc062723c751e8b465ee728b)
Start importing Assets/Scenes/unknown.prefab using Guid(9c843adbbc6f1cf4289cf8e851214ba4) Importer(815301076,1909f56bfc062723c751e8b465ee728b)  -> (artifact id: '771e496e827164fd453d414239716326') in 0.040217 seconds 
  Import took 0.043384 seconds .

========================================================================
Received Import Request.
  Time since last request: 0.000141 seconds.
  path: Assets/Scenes/unknown.png
  artifactKey: Guid(b16d2d333634bee4d8711a3ce6534201) Importer(815301076,1909f56bfc062723c751e8b465ee728b)
Start importing Assets/Scenes/unknown.png using Guid(b16d2d333634bee4d8711a3ce6534201) Importer(815301076,1909f56bfc062723c751e8b465ee728b)  -> (artifact id: 'b588d3ac09089fc50fde807975b673dd') in 0.017979 seconds 
  Import took 0.020856 seconds .

========================================================================
Received Import Request.
  Time since last request: 88.150396 seconds.
  path: Assets/Scenes/aa.png
  artifactKey: Guid(fa56dc0431b4e9f489690e988ab95076) Importer(815301076,1909f56bfc062723c751e8b465ee728b)
Start importing Assets/Scenes/aa.png using Guid(fa56dc0431b4e9f489690e988ab95076) Importer(815301076,1909f56bfc062723c751e8b465ee728b)  -> (artifact id: '4a5891d4773ec3c0c8711b66e6d2a524') in 0.023480 seconds 
  Import took 0.027582 seconds .

AssetImportWorkerClient::OnTransportError - code=2 error=End of file
